{
  "RSpec": {
    "coverage": {
      "/home/MAIRA.ALVES/Documents/railsgirls/config/environment.rb": {
        "lines": [
          null,
          1,
          null,
          null,
          1
        ]
      },
      "/home/MAIRA.ALVES/Documents/railsgirls/config/application.rb": {
        "lines": [
          1,
          null,
          1,
          null,
          null,
          null,
          1,
          null,
          1,
          1,
          null,
          1,
          null,
          null,
          null,
          null,
          null,
          null,
          null,
          null,
          null,
          null
        ]
      },
      "/home/MAIRA.ALVES/Documents/railsgirls/config/boot.rb": {
        "lines": [
          1,
          null,
          1,
          1
        ]
      },
      "/home/MAIRA.ALVES/Documents/railsgirls/config/environments/test.rb": {
        "lines": [
          1,
          null,
          null,
          null,
          null,
          null,
          null,
          1,
          null,
          null,
          1,
          1,
          null,
          null,
          null,
          null,
          1,
          null,
          null,
          1,
          1,
          null,
          null,
          null,
          null,
          1,
          1,
          1,
          null,
          null,
          1,
          null,
          null,
          1,
          null,
          null,
          1,
          null,
          1,
          null,
          null,
          null,
          null,
          1,
          null,
          null,
          1,
          null,
          null,
          1,
          null,
          null,
          1,
          null,
          null,
          null,
          null,
          null,
          null,
          null
        ]
      },
      "/home/MAIRA.ALVES/Documents/railsgirls/config/initializers/application_controller_renderer.rb": {
        "lines": [
          null,
          null,
          null,
          null,
          null,
          null,
          null,
          null
        ]
      },
      "/home/MAIRA.ALVES/Documents/railsgirls/config/initializers/assets.rb": {
        "lines": [
          null,
          null,
          null,
          1,
          null,
          null,
          null,
          null,
          1,
          null,
          null,
          null,
          null,
          null
        ]
      },
      "/home/MAIRA.ALVES/Documents/railsgirls/config/initializers/backtrace_silencers.rb": {
        "lines": [
          null,
          null,
          null,
          null,
          null,
          null,
          null,
          1
        ]
      },
      "/home/MAIRA.ALVES/Documents/railsgirls/config/initializers/content_security_policy.rb": {
        "lines": [
          null,
          null,
          null,
          null,
          null,
          null,
          null,
          null,
          null,
          null,
          null,
          null,
          null,
          null,
          null,
          null,
          null,
          null,
          null,
          null,
          null,
          null,
          null,
          null,
          null,
          null,
          null,
          null,
          null,
          null
        ]
      },
      "/home/MAIRA.ALVES/Documents/railsgirls/config/initializers/cookies_serializer.rb": {
        "lines": [
          null,
          null,
          null,
          null,
          1
        ]
      },
      "/home/MAIRA.ALVES/Documents/railsgirls/config/initializers/filter_parameter_logging.rb": {
        "lines": [
          null,
          null,
          null,
          1,
          null,
          null
        ]
      },
      "/home/MAIRA.ALVES/Documents/railsgirls/config/initializers/inflections.rb": {
        "lines": [
          null,
          null,
          null,
          null,
          null,
          null,
          null,
          null,
          null,
          null,
          null,
          null,
          null,
          null,
          null,
          null
        ]
      },
      "/home/MAIRA.ALVES/Documents/railsgirls/config/initializers/mime_types.rb": {
        "lines": [
          null,
          null,
          null,
          null
        ]
      },
      "/home/MAIRA.ALVES/Documents/railsgirls/config/initializers/permissions_policy.rb": {
        "lines": [
          null,
          null,
          null,
          null,
          null,
          null,
          null,
          null,
          null,
          null,
          null
        ]
      },
      "/home/MAIRA.ALVES/Documents/railsgirls/config/initializers/wrap_parameters.rb": {
        "lines": [
          null,
          null,
          null,
          null,
          null,
          null,
          1,
          2,
          null,
          null,
          null,
          null,
          null,
          null
        ]
      },
      "/home/MAIRA.ALVES/Documents/railsgirls/spec/factories/comment.rb": {
        "lines": [
          1,
          1,
          1,
          1,
          1,
          null,
          null
        ]
      },
      "/home/MAIRA.ALVES/Documents/railsgirls/spec/factories/idea.rb": {
        "lines": [
          1,
          1,
          2,
          2,
          2,
          null,
          null,
          null
        ]
      },
      "/home/MAIRA.ALVES/Documents/railsgirls/config/routes.rb": {
        "lines": [
          1,
          1,
          1,
          1,
          1,
          null,
          null
        ]
      },
      "/home/MAIRA.ALVES/Documents/railsgirls/app/helpers/application_helper.rb": {
        "lines": [
          1,
          null
        ]
      },
      "/home/MAIRA.ALVES/Documents/railsgirls/app/helpers/comments_helper.rb": {
        "lines": [
          1,
          null
        ]
      },
      "/home/MAIRA.ALVES/Documents/railsgirls/app/helpers/ideas_helper.rb": {
        "lines": [
          1,
          null
        ]
      },
      "/home/MAIRA.ALVES/Documents/railsgirls/app/helpers/pages_helper.rb": {
        "lines": [
          1,
          null
        ]
      },
      "/home/MAIRA.ALVES/Documents/railsgirls/app/controllers/ideas_controller.rb": {
        "lines": [
          1,
          1,
          null,
          null,
          1,
          0,
          null,
          null,
          null,
          1,
          0,
          0,
          null,
          null,
          null,
          1,
          0,
          null,
          null,
          null,
          1,
          null,
          null,
          null,
          1,
          1,
          null,
          1,
          1,
          1,
          2,
          null,
          0,
          0,
          null,
          null,
          null,
          null,
          null,
          1,
          0,
          0,
          0,
          0,
          null,
          0,
          0,
          null,
          null,
          null,
          null,
          null,
          1,
          0,
          0,
          0,
          0,
          null,
          null,
          null,
          1,
          null,
          1,
          0,
          null,
          null,
          null,
          1,
          1,
          1,
          1,
          null,
          null
        ]
      },
      "/home/MAIRA.ALVES/Documents/railsgirls/app/controllers/application_controller.rb": {
        "lines": [
          1,
          null
        ]
      },
      "/home/MAIRA.ALVES/Documents/railsgirls/app/models/idea.rb": {
        "lines": [
          1,
          1,
          1,
          null
        ]
      },
      "/home/MAIRA.ALVES/Documents/railsgirls/app/models/application_record.rb": {
        "lines": [
          1,
          1,
          null
        ]
      },
      "/home/MAIRA.ALVES/Documents/railsgirls/app/uploaders/picture_uploader.rb": {
        "lines": [
          1,
          null,
          null,
          1,
          null,
          1,
          1,
          null,
          null,
          null,
          1,
          null,
          null,
          null,
          null,
          1,
          0,
          null,
          null,
          null,
          null,
          null,
          null,
          null,
          null,
          null,
          null,
          null,
          null,
          null,
          null,
          null,
          null,
          null,
          null,
          null,
          null,
          null,
          null,
          null,
          null,
          null,
          null,
          null,
          null,
          null,
          null,
          null,
          null,
          null,
          null
        ]
      }
    },
    "timestamp": 1620238554
  }
}
